[2025-11-18 12:18:19] ERROR [face_recognition_app:628] - Error starting indexing: no such column: task_id
Traceback (most recent call last):
  File "C:\demo\Phopy\app.py", line 603, in start_indexing
    db.execute(
sqlite3.OperationalError: no such column: task_id
[2025-11-18 12:18:29] ERROR [face_recognition_app:628] - Error starting indexing: no such column: task_id
Traceback (most recent call last):
  File "C:\demo\Phopy\app.py", line 603, in start_indexing
    db.execute(
sqlite3.OperationalError: no such column: task_id
[2025-11-18 12:19:41] ERROR [face_recognition_app:628] - Error starting indexing: no such column: task_id
Traceback (most recent call last):
  File "C:\demo\Phopy\app.py", line 603, in start_indexing
    db.execute(
sqlite3.OperationalError: no such column: task_id
[2025-11-18 12:20:04] ERROR [face_recognition_app:628] - Error starting indexing: no such column: task_id
Traceback (most recent call last):
  File "C:\demo\Phopy\app.py", line 603, in start_indexing
    db.execute(
sqlite3.OperationalError: no such column: task_id
[2025-11-18 13:47:37] ERROR [face_recognition_app:520] - Task da6335a3-49f7-4e23-b218-5cf869c49326: Unexpected error: The credentials do not contain the necessary fields need to refresh the access token. You must specify refresh_token, token_uri, client_id, and client_secret.
Traceback (most recent call last):
  File "C:\demo\Phopy\app.py", line 429, in run_indexing_background
    results = drive_service.files().list(
  File "C:\demo\Phopy\venv\lib\site-packages\googleapiclient\_helpers.py", line 130, in positional_wrapper
    return wrapped(*args, **kwargs)
  File "C:\demo\Phopy\venv\lib\site-packages\googleapiclient\http.py", line 923, in execute
    resp, content = _retry_request(
  File "C:\demo\Phopy\venv\lib\site-packages\googleapiclient\http.py", line 191, in _retry_request
    resp, content = http.request(uri, method, *args, **kwargs)
  File "C:\demo\Phopy\venv\lib\site-packages\google_auth_httplib2.py", line 245, in request
    self.credentials.refresh(self._request)
  File "C:\demo\Phopy\venv\lib\site-packages\google\oauth2\credentials.py", line 333, in refresh
    raise exceptions.RefreshError(
google.auth.exceptions.RefreshError: The credentials do not contain the necessary fields need to refresh the access token. You must specify refresh_token, token_uri, client_id, and client_secret.
[2025-11-18 15:01:39] ERROR [face_recognition_app:507] - Task 6b71ce65-7c12-48f6-aed1-6a9ec65ef891: Unexpected error: The credentials do not contain the necessary fields need to refresh the access token. You must specify refresh_token, token_uri, client_id, and client_secret.
Traceback (most recent call last):
  File "C:\demo\Phopy\app.py", line 416, in run_indexing_background
    results = drive_service.files().list(
  File "C:\demo\Phopy\venv\lib\site-packages\googleapiclient\_helpers.py", line 130, in positional_wrapper
    return wrapped(*args, **kwargs)
  File "C:\demo\Phopy\venv\lib\site-packages\googleapiclient\http.py", line 923, in execute
    resp, content = _retry_request(
  File "C:\demo\Phopy\venv\lib\site-packages\googleapiclient\http.py", line 191, in _retry_request
    resp, content = http.request(uri, method, *args, **kwargs)
  File "C:\demo\Phopy\venv\lib\site-packages\google_auth_httplib2.py", line 245, in request
    self.credentials.refresh(self._request)
  File "C:\demo\Phopy\venv\lib\site-packages\google\oauth2\credentials.py", line 333, in refresh
    raise exceptions.RefreshError(
google.auth.exceptions.RefreshError: The credentials do not contain the necessary fields need to refresh the access token. You must specify refresh_token, token_uri, client_id, and client_secret.
